[debug] [2019-01-02T03:18:29.235Z] ----------------------------------------------------------------------
[debug] [2019-01-02T03:18:29.251Z] Command:       C:\Program Files\nodejs\node.exe C:\Users\austi\AppData\Roaming\npm\node_modules\firebase-tools\lib\bin\firebase.js deploy
[debug] [2019-01-02T03:18:29.252Z] CLI Version:   6.2.2
[debug] [2019-01-02T03:18:29.252Z] Platform:      win32
[debug] [2019-01-02T03:18:29.252Z] Node Version:  v8.12.0
[debug] [2019-01-02T03:18:29.254Z] Time:          Tue Jan 01 2019 22:18:29 GMT-0500 (Eastern Standard Time)
[debug] [2019-01-02T03:18:29.254Z] ----------------------------------------------------------------------
[debug] 
[debug] [2019-01-02T03:18:29.286Z] > command requires scopes: ["email","openid","https://www.googleapis.com/auth/cloudplatformprojects.readonly","https://www.googleapis.com/auth/firebase","https://www.googleapis.com/auth/cloud-platform"]
[debug] [2019-01-02T03:18:29.292Z] > authorizing via signed-in user
[debug] [2019-01-02T03:18:29.292Z] [iam] checking project eatapp-5215b for permissions ["cloudfunctions.functions.create","cloudfunctions.functions.delete","cloudfunctions.functions.get","cloudfunctions.functions.list","cloudfunctions.functions.update","cloudfunctions.operations.get","firebase.projects.get","firebasedatabase.instances.update","firebasehosting.sites.update"]
[debug] [2019-01-02T03:18:29.299Z] >>> HTTP REQUEST POST https://cloudresourcemanager.googleapis.com/v1/projects/eatapp-5215b:testIamPermissions  

[debug] [2019-01-02T03:18:29.583Z] <<< HTTP RESPONSE 200
[debug] [2019-01-02T03:18:29.587Z] >>> HTTP REQUEST GET https://firebase.googleapis.com/v1beta1/projects/eatapp-5215b  
 
[debug] [2019-01-02T03:18:29.819Z] <<< HTTP RESPONSE 200
[info] 
[info] === Deploying to 'eatapp-5215b'...
[info] 
[info] i  deploying database, functions, hosting
[info] i  database: checking rules syntax...
[debug] [2019-01-02T03:18:35.990Z] >>> HTTP REQUEST PUT https://eatapp-5215b.firebaseio.com/.settings/rules.json?dryRun=true  
 {
  "rules": {
    ".read": true,
    ".write": true
  }
}

[debug] [2019-01-02T03:18:36.308Z] <<< HTTP RESPONSE 200
[info] +  database: rules syntax for database eatapp-5215b is valid
[debug] [2019-01-02T03:18:36.326Z] > [functions] package.json contents: {
  "name": "email-confirmation-functions",
  "description": "Send Email confirmation upon sign up to a Mailing list Firebase Functions sample",
  "dependencies": {
    "nodemailer": "^2.4.1",
    "firebase-admin": "~6.4.0",
    "firebase-functions": "^2.1.0"
  },
  "devDependencies": {
    "eslint": "^4.13.1",
    "eslint-plugin-promise": "^3.6.0"
  },
  "scripts": {
    "lint": "./node_modules/.bin/eslint --max-warnings=0 .",
    "serve": "firebase serve --only functions",
    "shell": "firebase experimental:functions:shell",
    "start": "npm run shell",
    "deploy": "firebase deploy --only functions",
    "logs": "firebase functions:log"
  },
  "engines": {
    "node": "8"
  },
  "private": true
}
[info] i  functions: ensuring necessary APIs are enabled...
[debug] [2019-01-02T03:18:36.330Z] >>> HTTP REQUEST GET https://servicemanagement.googleapis.com/v1/services/cloudfunctions.googleapis.com/projectSettings/eatapp-5215b?view=CONSUMER_VIEW  
 
[debug] [2019-01-02T03:18:36.331Z] >>> HTTP REQUEST GET https://servicemanagement.googleapis.com/v1/services/runtimeconfig.googleapis.com/projectSettings/eatapp-5215b?view=CONSUMER_VIEW  
 
[debug] [2019-01-02T03:18:37.118Z] <<< HTTP RESPONSE 200
[debug] [2019-01-02T03:18:37.138Z] <<< HTTP RESPONSE 200
[info] +  functions: all necessary APIs are enabled
[debug] [2019-01-02T03:18:37.146Z] >>> HTTP REQUEST GET https://cloudresourcemanager.googleapis.com/v1/projects/eatapp-5215b  
 
[debug] [2019-01-02T03:18:37.352Z] <<< HTTP RESPONSE 200
[debug] [2019-01-02T03:18:37.354Z] >>> HTTP REQUEST GET https://mobilesdk-pa.googleapis.com/v1/projects/660028262615:getServerAppConfig  
 
[debug] [2019-01-02T03:18:37.523Z] <<< HTTP RESPONSE 200
[debug] [2019-01-02T03:18:37.527Z] >>> HTTP REQUEST POST https://firebasehosting.googleapis.com/v1beta1/sites/eatapp-5215b/versions  

[debug] [2019-01-02T03:18:38.952Z] <<< HTTP RESPONSE 200
[info] i  functions: preparing functions directory for uploading...
[debug] [2019-01-02T03:18:38.987Z] >>> HTTP REQUEST GET https://runtimeconfig.googleapis.com/v1beta1/projects/eatapp-5215b/configs  
 
[debug] [2019-01-02T03:18:39.238Z] <<< HTTP RESPONSE 200
[debug] [2019-01-02T03:18:39.238Z] >>> HTTP REQUEST GET https://runtimeconfig.googleapis.com/v1beta1/projects/eatapp-5215b/configs/gmail/variables  
 
[debug] [2019-01-02T03:18:39.570Z] <<< HTTP RESPONSE 200
[debug] [2019-01-02T03:18:39.586Z] >>> HTTP REQUEST GET https://runtimeconfig.googleapis.com/v1beta1/projects/eatapp-5215b/configs/gmail/variables/email  
 
[debug] [2019-01-02T03:18:39.587Z] >>> HTTP REQUEST GET https://runtimeconfig.googleapis.com/v1beta1/projects/eatapp-5215b/configs/gmail/variables/password  
 
[debug] [2019-01-02T03:18:39.782Z] <<< HTTP RESPONSE 200
[debug] [2019-01-02T03:18:39.807Z] <<< HTTP RESPONSE 200
[info] i  functions: packaged functions (44.63 KB) for uploading
[debug] [2019-01-02T03:18:40.783Z] >>> HTTP REQUEST POST https://cloudfunctions.googleapis.com/v1/projects/eatapp-5215b/locations/us-central1/functions:generateUploadUrl  
 
[debug] [2019-01-02T03:18:41.306Z] <<< HTTP RESPONSE 200
[debug] [2019-01-02T03:18:41.308Z] >>> HTTP REQUEST PUT https://storage.googleapis.com/gcf-upload-us-central1-fa6dadb9-35fc-4ffa-a2e4-7032df51fe57/01a3daa5-f643-4157-86f6-e355fb118616.zip?GoogleAccessId=service-660028262615@gcf-admin-robot.iam.gserviceaccount.com&Expires=1546400921&Signature=Q%2B7AZC62UM08aj5Ijk7S4%2BEqN6dSZlMtMFI0qmNlOXQ4JQ0teh7n%2BcfyoQJnaEQ82ih%2BdxmH4cus4ymdXsXjdL1QoDiN69FcIVtoo4VulaY0X%2B%2BIDRX3Yh%2FUqwSIGQPwJfE4VgX0UQEhHDWpQWijlJxftJv6FdJslLSB3WjhzyZsHVMKR6Vh9Mq71McFaaUrhBoBW83M6Q0v4%2BeWL37ySDQnxSXtQWPUHcwSB5BWm8THAMkJdYFmRKHHf%2Bp0WjATbAhChKPhN0s4WHfFLR%2FjX%2B0d8UvsdroxLp08Ia3EnuSozEo5RfU6NPSGdeU7O7oGRiVnUJnJXhzQ1hC3Ib%2Bfbw%3D%3D  

[debug] [2019-01-02T03:18:41.721Z] <<< HTTP RESPONSE 200
[info] +  functions: functions folder uploaded successfully
[info] i  hosting[eatapp-5215b]: beginning deploy...
[info] i  hosting[eatapp-5215b]: found 4 files in public
[debug] [2019-01-02T03:18:41.774Z] [hosting] hash cache [cHVibGlj] load error: lines is not defined
[debug] [2019-01-02T03:18:41.805Z] [hosting] hash cache [cHVibGlj] stored for 4 files
[debug] [2019-01-02T03:18:41.805Z] [hosting][hash queue][FINAL]
[debug] [2019-01-02T03:18:41.805Z] >>> HTTP REQUEST POST https://firebasehosting.googleapis.com/v1beta1/sites/eatapp-5215b/versions/986129f395dbf850:populateFiles  
 <request body omitted>
[debug] [2019-01-02T03:18:42.440Z] <<< HTTP RESPONSE 200
[debug] [2019-01-02T03:18:42.441Z] [hosting][populate queue][FINAL]
[debug] [2019-01-02T03:18:42.441Z] [hosting] uploads queued: 0
[debug] [2019-01-02T03:18:42.441Z] [hosting][upload queue][FINAL]
[info] +  hosting[eatapp-5215b]: file upload complete
[debug] [2019-01-02T03:18:42.444Z] [hosting] deploy completed after 697ms
[info] i  database: releasing rules...
[debug] [2019-01-02T03:18:42.448Z] >>> HTTP REQUEST PUT https://eatapp-5215b.firebaseio.com/.settings/rules.json  
 {
  "rules": {
    ".read": true,
    ".write": true
  }
}

[debug] [2019-01-02T03:18:42.841Z] <<< HTTP RESPONSE 200
[info] +  database: rules for database eatapp-5215b released successfully
[debug] [2019-01-02T03:18:42.847Z] >>> HTTP REQUEST GET https://cloudfunctions.googleapis.com/v1/projects/eatapp-5215b/locations/-/functions  
 
[debug] [2019-01-02T03:18:43.572Z] <<< HTTP RESPONSE 200
[info] i  functions: creating Node.js 8 function sendEmailAfterFeedback(us-central1)...
[debug] [2019-01-02T03:18:43.597Z] Trigger is:  {"eventTrigger":{"resource":"projects/_/instances/eatapp-5215b/refs/Feedback/{uid}/{uid}","eventType":"providers/google.firebase.database/eventTypes/ref.write","service":"firebaseio.com"}}
[info] 
The following functions are found in your project but do not exist in your local source code:
	sendEmailConfirmation(us-central1)

If you are renaming a function or changing its region, it is recommended that you create the new function first before deleting the old one to prevent event loss. For more info, visit https://firebase.google.com/docs/functions/manage-functions#modify

