[debug] [2018-12-31T16:15:11.047Z] ----------------------------------------------------------------------
[debug] [2018-12-31T16:15:11.049Z] Command:       f:\programs\nodejs\node.exe C:\Users\austi\AppData\Roaming\npm\node_modules\firebase-tools\lib\bin\firebase.js deploy
[debug] [2018-12-31T16:15:11.049Z] CLI Version:   6.2.2
[debug] [2018-12-31T16:15:11.049Z] Platform:      win32
[debug] [2018-12-31T16:15:11.049Z] Node Version:  v10.14.1
[debug] [2018-12-31T16:15:11.050Z] Time:          Mon Dec 31 2018 11:15:11 GMT-0500 (Eastern Standard Time)
[debug] [2018-12-31T16:15:11.050Z] ----------------------------------------------------------------------
[debug]
[debug] [2018-12-31T16:15:11.058Z] > command requires scopes: ["email","openid","https://www.googleapis.com/auth/cloudplatformprojects.readonly","https://www.googleapis.com/auth/firebase","https://www.googleapis.com/auth/cloud-platform"]
[debug] [2018-12-31T16:15:11.059Z] > authorizing via signed-in user
[debug] [2018-12-31T16:15:11.059Z] [iam] checking project eatapp-5215b for permissions ["cloudfunctions.functions.create","cloudfunctions.functions.delete","cloudfunctions.functions.get","cloudfunctions.functions.list","cloudfunctions.functions.update","cloudfunctions.operations.get","firebase.projects.get","firebasedatabase.instances.update","firebasehosting.sites.update"]
[debug] [2018-12-31T16:15:11.060Z] >>> HTTP REQUEST POST https://cloudresourcemanager.googleapis.com/v1/projects/eatapp-5215b:testIamPermissions

[debug] [2018-12-31T16:15:11.280Z] <<< HTTP RESPONSE 200
[debug] [2018-12-31T16:15:11.281Z] >>> HTTP REQUEST GET https://firebase.googleapis.com/v1beta1/projects/eatapp-5215b

[debug] [2018-12-31T16:15:11.486Z] <<< HTTP RESPONSE 200
[info]
[info] === Deploying to 'eatapp-5215b'...
[info]
[info] i  deploying database, functions, hosting
[info] i  database: checking rules syntax...
[debug] [2018-12-31T16:15:13.271Z] >>> HTTP REQUEST PUT https://eatapp-5215b.firebaseio.com/.settings/rules.json?dryRun=true
 {
  "rules": {
    "users": {
      "$uid": {
        ".read": "auth.uid === $uid",
        ".write": "auth.uid === $uid"
      }
    }
  }
}

[debug] [2018-12-31T16:15:13.706Z] <<< HTTP RESPONSE 200
[info] +  database: rules syntax for database eatapp-5215b is valid
[debug] [2018-12-31T16:15:13.709Z] > [functions] package.json contents: {
  "name": "email-confirmation-functions",
  "description": "Send Email confirmation upon sign up to a Mailing list Firebase Functions sample",
  "dependencies": {
    "nodemailer": "^2.4.1",
    "firebase-admin": "~6.4.0",
    "firebase-functions": "^2.1.0"
  },
  "devDependencies": {
    "eslint": "^4.13.1",
    "eslint-plugin-promise": "^3.6.0"
  },
  "scripts": {
    "lint": "./node_modules/.bin/eslint --max-warnings=0 .",
    "serve": "firebase serve --only functions",
    "shell": "firebase experimental:functions:shell",
    "start": "npm run shell",
    "deploy": "firebase deploy --only functions",
    "logs": "firebase functions:log"
  },
  "engines": {
    "node": "8"
  },
  "private": true
}
[info] i  functions: ensuring necessary APIs are enabled...
[debug] [2018-12-31T16:15:13.709Z] >>> HTTP REQUEST GET https://servicemanagement.googleapis.com/v1/services/cloudfunctions.googleapis.com/projectSettings/eatapp-5215b?view=CONSUMER_VIEW

[debug] [2018-12-31T16:15:13.710Z] >>> HTTP REQUEST GET https://servicemanagement.googleapis.com/v1/services/runtimeconfig.googleapis.com/projectSettings/eatapp-5215b?view=CONSUMER_VIEW

[debug] [2018-12-31T16:15:14.300Z] <<< HTTP RESPONSE 200
[info] +  functions: all necessary APIs are enabled
[debug] [2018-12-31T16:15:14.398Z] <<< HTTP RESPONSE 200
[debug] [2018-12-31T16:15:14.399Z] >>> HTTP REQUEST GET https://cloudresourcemanager.googleapis.com/v1/projects/eatapp-5215b

[debug] [2018-12-31T16:15:14.928Z] <<< HTTP RESPONSE 200
[debug] [2018-12-31T16:15:14.928Z] >>> HTTP REQUEST GET https://mobilesdk-pa.googleapis.com/v1/projects/660028262615:getServerAppConfig

[debug] [2018-12-31T16:15:15.077Z] <<< HTTP RESPONSE 200
[debug] [2018-12-31T16:15:15.078Z] >>> HTTP REQUEST POST https://firebasehosting.googleapis.com/v1beta1/sites/eatapp-5215b/versions

[debug] [2018-12-31T16:15:17.186Z] <<< HTTP RESPONSE 200
[info] i  functions: preparing functions directory for uploading...
[debug] [2018-12-31T16:15:17.192Z] >>> HTTP REQUEST GET https://runtimeconfig.googleapis.com/v1beta1/projects/eatapp-5215b/configs

[debug] [2018-12-31T16:15:17.517Z] <<< HTTP RESPONSE 200
[debug] [2018-12-31T16:15:17.517Z] >>> HTTP REQUEST GET https://runtimeconfig.googleapis.com/v1beta1/projects/eatapp-5215b/configs/gmail/variables

[debug] [2018-12-31T16:15:17.694Z] <<< HTTP RESPONSE 200
[debug] [2018-12-31T16:15:17.694Z] >>> HTTP REQUEST GET https://runtimeconfig.googleapis.com/v1beta1/projects/eatapp-5215b/configs/gmail/variables/password

[debug] [2018-12-31T16:15:17.694Z] >>> HTTP REQUEST GET https://runtimeconfig.googleapis.com/v1beta1/projects/eatapp-5215b/configs/gmail/variables/email

[debug] [2018-12-31T16:15:17.891Z] <<< HTTP RESPONSE 200
[debug] [2018-12-31T16:15:18.245Z] <<< HTTP RESPONSE 200
[info] i  functions: packaged functions (44.64 KB) for uploading
[debug] [2018-12-31T16:15:18.477Z] >>> HTTP REQUEST POST https://cloudfunctions.googleapis.com/v1/projects/eatapp-5215b/locations/us-central1/functions:generateUploadUrl

[debug] [2018-12-31T16:15:52.871Z] <<< HTTP RESPONSE 200
[debug] [2018-12-31T16:15:52.872Z] >>> HTTP REQUEST PUT https://storage.googleapis.com/gcf-upload-us-central1-fa6dadb9-35fc-4ffa-a2e4-7032df51fe57/d031877a-3682-4689-bc0e-f0d1ed658c74.zip?GoogleAccessId=service-660028262615@gcf-admin-robot.iam.gserviceaccount.com&Expires=1546274751&Signature=QrjZRz18JXSLiDtjcan%2BeDaGdokjH8CDy3%2By7GqmgX6M9Y%2BR%2BMEiQMEoH%2B4ElSdL21JuiicdMOGzT3aEtWwIIEWD%2BfKzUZkqsxX4alAFYrPM3HwO%2BiLcjLWX4R%2FkyIsz9%2Fd6SIPnbg9gOvryzd4n0tGdx8zS8RzP6ZBsi9H37H8rq4hGIk8LhwuqYwKJmxY2laSJ24GWdTtZKoIRF6E18tQxOdOfmcG41bm%2Bs62eczAuvcT3dRWJfLwgSQdrRz2FyAiSM%2Fmh77WIwFDZ2GVYdTbhj7csvdVVqNSjiMEYwk%2FH1WKQLBSJktR87nPgCzDL%2FpiWhR99A4tNQUIx7z%2FAXg%3D%3D

[debug] [2018-12-31T16:15:53.278Z] <<< HTTP RESPONSE 200
[info] +  functions: functions folder uploaded successfully
[info] i  hosting[eatapp-5215b]: beginning deploy...
[info] i  hosting[eatapp-5215b]: found 4 files in public
[debug] [2018-12-31T16:15:53.286Z] [hosting] hash cache [cHVibGlj] load error: lines is not defined
[debug] [2018-12-31T16:15:53.293Z] [hosting] hash cache [cHVibGlj] stored for 4 files
[debug] [2018-12-31T16:15:53.293Z] [hosting][hash queue][FINAL]
[debug] [2018-12-31T16:15:53.293Z] >>> HTTP REQUEST POST https://firebasehosting.googleapis.com/v1beta1/sites/eatapp-5215b/versions/49557577644f9392:populateFiles
 <request body omitted>
[debug] [2018-12-31T16:15:53.891Z] <<< HTTP RESPONSE 200
[debug] [2018-12-31T16:15:53.893Z] [hosting][populate queue][FINAL]
[debug] [2018-12-31T16:15:53.893Z] [hosting] uploads queued: 4
[debug] [2018-12-31T16:15:55.635Z] [hosting][upload queue][FINAL]
[info] +  hosting[eatapp-5215b]: file upload complete
[debug] [2018-12-31T16:15:55.636Z] [hosting] deploy completed after 2356ms
[info] i  database: releasing rules...
[debug] [2018-12-31T16:15:55.637Z] >>> HTTP REQUEST PUT https://eatapp-5215b.firebaseio.com/.settings/rules.json
 {
  "rules": {
    "users": {
      "$uid": {
        ".read": "auth.uid === $uid",
        ".write": "auth.uid === $uid"
      }
    }
  }
}

[debug] [2018-12-31T16:15:56.001Z] <<< HTTP RESPONSE 200
[info] +  database: rules for database eatapp-5215b released successfully
[debug] [2018-12-31T16:15:56.002Z] >>> HTTP REQUEST GET https://cloudfunctions.googleapis.com/v1/projects/eatapp-5215b/locations/-/functions

[debug] [2018-12-31T16:15:56.466Z] <<< HTTP RESPONSE 200
[info] i  functions: creating Node.js 8 function sendEmailConfirmation(us-central1)...
[debug] [2018-12-31T16:15:56.467Z] Trigger is:  {"eventTrigger":{"resource":"projects/_/instances/eatapp-5215b/refs/Snippets/Users/{uid}","eventType":"providers/google.firebase.database/eventTypes/ref.write","service":"firebaseio.com"}}
[debug] [2018-12-31T16:15:56.468Z] >>> HTTP REQUEST POST https://cloudfunctions.googleapis.com/v1/projects/eatapp-5215b/locations/us-central1/functions

[debug] [2018-12-31T16:15:56.880Z] <<< HTTP RESPONSE 200
[debug] [2018-12-31T16:15:56.881Z] >>> HTTP REQUEST GET https://cloudfunctions.googleapis.com/v1/operations/ZWF0YXBwLTUyMTViL3VzLWNlbnRyYWwxL3NlbmRFbWFpbENvbmZpcm1hdGlvbi83QWxrZkg4Y3k3SQ

[debug] [2018-12-31T16:15:57.215Z] <<< HTTP RESPONSE 200
[debug] [2018-12-31T16:15:59.216Z] >>> HTTP REQUEST GET https://cloudfunctions.googleapis.com/v1/operations/ZWF0YXBwLTUyMTViL3VzLWNlbnRyYWwxL3NlbmRFbWFpbENvbmZpcm1hdGlvbi83QWxrZkg4Y3k3SQ

[debug] [2018-12-31T16:15:59.559Z] <<< HTTP RESPONSE 200
[debug] [2018-12-31T16:16:01.561Z] >>> HTTP REQUEST GET https://cloudfunctions.googleapis.com/v1/operations/ZWF0YXBwLTUyMTViL3VzLWNlbnRyYWwxL3NlbmRFbWFpbENvbmZpcm1hdGlvbi83QWxrZkg4Y3k3SQ

[debug] [2018-12-31T16:16:01.863Z] <<< HTTP RESPONSE 200
[debug] [2018-12-31T16:16:03.864Z] >>> HTTP REQUEST GET https://cloudfunctions.googleapis.com/v1/operations/ZWF0YXBwLTUyMTViL3VzLWNlbnRyYWwxL3NlbmRFbWFpbENvbmZpcm1hdGlvbi83QWxrZkg4Y3k3SQ

[debug] [2018-12-31T16:16:04.149Z] <<< HTTP RESPONSE 200
[debug] [2018-12-31T16:16:06.151Z] >>> HTTP REQUEST GET https://cloudfunctions.googleapis.com/v1/operations/ZWF0YXBwLTUyMTViL3VzLWNlbnRyYWwxL3NlbmRFbWFpbENvbmZpcm1hdGlvbi83QWxrZkg4Y3k3SQ

[debug] [2018-12-31T16:16:06.477Z] <<< HTTP RESPONSE 200
[debug] [2018-12-31T16:16:08.478Z] >>> HTTP REQUEST GET https://cloudfunctions.googleapis.com/v1/operations/ZWF0YXBwLTUyMTViL3VzLWNlbnRyYWwxL3NlbmRFbWFpbENvbmZpcm1hdGlvbi83QWxrZkg4Y3k3SQ

[debug] [2018-12-31T16:16:08.774Z] <<< HTTP RESPONSE 200
[debug] [2018-12-31T16:16:10.775Z] >>> HTTP REQUEST GET https://cloudfunctions.googleapis.com/v1/operations/ZWF0YXBwLTUyMTViL3VzLWNlbnRyYWwxL3NlbmRFbWFpbENvbmZpcm1hdGlvbi83QWxrZkg4Y3k3SQ

[debug] [2018-12-31T16:16:11.115Z] <<< HTTP RESPONSE 200
[debug] [2018-12-31T16:16:13.116Z] >>> HTTP REQUEST GET https://cloudfunctions.googleapis.com/v1/operations/ZWF0YXBwLTUyMTViL3VzLWNlbnRyYWwxL3NlbmRFbWFpbENvbmZpcm1hdGlvbi83QWxrZkg4Y3k3SQ

[debug] [2018-12-31T16:16:13.408Z] <<< HTTP RESPONSE 200
[debug] [2018-12-31T16:16:15.409Z] >>> HTTP REQUEST GET https://cloudfunctions.googleapis.com/v1/operations/ZWF0YXBwLTUyMTViL3VzLWNlbnRyYWwxL3NlbmRFbWFpbENvbmZpcm1hdGlvbi83QWxrZkg4Y3k3SQ

[debug] [2018-12-31T16:16:15.693Z] <<< HTTP RESPONSE 200
[debug] [2018-12-31T16:16:17.692Z] >>> HTTP REQUEST GET https://cloudfunctions.googleapis.com/v1/operations/ZWF0YXBwLTUyMTViL3VzLWNlbnRyYWwxL3NlbmRFbWFpbENvbmZpcm1hdGlvbi83QWxrZkg4Y3k3SQ

[debug] [2018-12-31T16:16:17.975Z] <<< HTTP RESPONSE 200
[debug] [2018-12-31T16:16:19.976Z] >>> HTTP REQUEST GET https://cloudfunctions.googleapis.com/v1/operations/ZWF0YXBwLTUyMTViL3VzLWNlbnRyYWwxL3NlbmRFbWFpbENvbmZpcm1hdGlvbi83QWxrZkg4Y3k3SQ

[debug] [2018-12-31T16:16:20.270Z] <<< HTTP RESPONSE 200
[debug] [2018-12-31T16:16:22.271Z] >>> HTTP REQUEST GET https://cloudfunctions.googleapis.com/v1/operations/ZWF0YXBwLTUyMTViL3VzLWNlbnRyYWwxL3NlbmRFbWFpbENvbmZpcm1hdGlvbi83QWxrZkg4Y3k3SQ

[debug] [2018-12-31T16:16:22.552Z] <<< HTTP RESPONSE 200
[debug] [2018-12-31T16:16:24.554Z] >>> HTTP REQUEST GET https://cloudfunctions.googleapis.com/v1/operations/ZWF0YXBwLTUyMTViL3VzLWNlbnRyYWwxL3NlbmRFbWFpbENvbmZpcm1hdGlvbi83QWxrZkg4Y3k3SQ

[debug] [2018-12-31T16:16:24.847Z] <<< HTTP RESPONSE 200
[debug] [2018-12-31T16:16:26.849Z] >>> HTTP REQUEST GET https://cloudfunctions.googleapis.com/v1/operations/ZWF0YXBwLTUyMTViL3VzLWNlbnRyYWwxL3NlbmRFbWFpbENvbmZpcm1hdGlvbi83QWxrZkg4Y3k3SQ

[debug] [2018-12-31T16:16:27.137Z] <<< HTTP RESPONSE 200
[debug] [2018-12-31T16:16:29.138Z] >>> HTTP REQUEST GET https://cloudfunctions.googleapis.com/v1/operations/ZWF0YXBwLTUyMTViL3VzLWNlbnRyYWwxL3NlbmRFbWFpbENvbmZpcm1hdGlvbi83QWxrZkg4Y3k3SQ

[debug] [2018-12-31T16:16:29.433Z] <<< HTTP RESPONSE 200
[debug] [2018-12-31T16:16:31.433Z] >>> HTTP REQUEST GET https://cloudfunctions.googleapis.com/v1/operations/ZWF0YXBwLTUyMTViL3VzLWNlbnRyYWwxL3NlbmRFbWFpbENvbmZpcm1hdGlvbi83QWxrZkg4Y3k3SQ

[debug] [2018-12-31T16:16:31.745Z] <<< HTTP RESPONSE 200
[debug] [2018-12-31T16:16:33.746Z] >>> HTTP REQUEST GET https://cloudfunctions.googleapis.com/v1/operations/ZWF0YXBwLTUyMTViL3VzLWNlbnRyYWwxL3NlbmRFbWFpbENvbmZpcm1hdGlvbi83QWxrZkg4Y3k3SQ

[debug] [2018-12-31T16:16:34.016Z] <<< HTTP RESPONSE 200
[debug] [2018-12-31T16:16:36.017Z] >>> HTTP REQUEST GET https://cloudfunctions.googleapis.com/v1/operations/ZWF0YXBwLTUyMTViL3VzLWNlbnRyYWwxL3NlbmRFbWFpbENvbmZpcm1hdGlvbi83QWxrZkg4Y3k3SQ

[debug] [2018-12-31T16:16:36.303Z] <<< HTTP RESPONSE 200
[debug] [2018-12-31T16:16:38.304Z] >>> HTTP REQUEST GET https://cloudfunctions.googleapis.com/v1/operations/ZWF0YXBwLTUyMTViL3VzLWNlbnRyYWwxL3NlbmRFbWFpbENvbmZpcm1hdGlvbi83QWxrZkg4Y3k3SQ

[debug] [2018-12-31T16:16:38.594Z] <<< HTTP RESPONSE 200
[debug] [2018-12-31T16:16:40.596Z] >>> HTTP REQUEST GET https://cloudfunctions.googleapis.com/v1/operations/ZWF0YXBwLTUyMTViL3VzLWNlbnRyYWwxL3NlbmRFbWFpbENvbmZpcm1hdGlvbi83QWxrZkg4Y3k3SQ

[debug] [2018-12-31T16:16:40.872Z] <<< HTTP RESPONSE 200
[debug] [2018-12-31T16:16:42.872Z] >>> HTTP REQUEST GET https://cloudfunctions.googleapis.com/v1/operations/ZWF0YXBwLTUyMTViL3VzLWNlbnRyYWwxL3NlbmRFbWFpbENvbmZpcm1hdGlvbi83QWxrZkg4Y3k3SQ

[debug] [2018-12-31T16:16:43.155Z] <<< HTTP RESPONSE 200
[debug] [2018-12-31T16:16:45.157Z] >>> HTTP REQUEST GET https://cloudfunctions.googleapis.com/v1/operations/ZWF0YXBwLTUyMTViL3VzLWNlbnRyYWwxL3NlbmRFbWFpbENvbmZpcm1hdGlvbi83QWxrZkg4Y3k3SQ

[debug] [2018-12-31T16:16:45.433Z] <<< HTTP RESPONSE 200
